Arguments: 
  C:\Program Files\nodejs\node.exe C:\Users\muhrusdi\AppData\Roaming\npm\node_modules\yarn\bin\yarn.js add tailwindcss postcss autoprefixer gatsby-plugin-postcss

PATH: 
  C:\Windows\system32;C:\Windows;C:\Windows\System32\Wbem;C:\Windows\System32\WindowsPowerShell\v1.0\;C:\Windows\System32\OpenSSH\;C:\Program Files\nodejs\;C:\Program Files\Git\cmd;C:\Users\muhrusdi\AppData\Local\Microsoft\WindowsApps;C:\Users\muhrusdi\AppData\Roaming\npm;C:\Users\muhrusdi\AppData\Local\Programs\Microsoft VS Code\bin

Yarn version: 
  1.22.18

Node version: 
  16.14.2

Platform: 
  win32 x64

Trace: 
  Error: connect ENETUNREACH 104.16.16.35:443
      at TCPConnectWrap.afterConnect [as oncomplete] (node:net:1157:16)

npm manifest: 
  {
    "name": "gabo-v2",
    "version": "1.0.0",
    "private": true,
    "description": "gabo-v2",
    "keywords": [
      "gatsby"
    ],
    "scripts": {
      "develop": "gatsby develop",
      "start": "gatsby develop",
      "build": "gatsby build",
      "serve": "gatsby serve",
      "clean": "gatsby clean",
      "typecheck": "tsc --noEmit"
    },
    "dependencies": {
      "@mdx-js/mdx": "^1.6.22",
      "@mdx-js/react": "^1.6.22",
      "gatsby": "^4.10.0",
      "gatsby-plugin-google-analytics": "^4.10.0",
      "gatsby-plugin-image": "^2.10.0",
      "gatsby-plugin-manifest": "^4.10.1",
      "gatsby-plugin-mdx": "^3.10.1",
      "gatsby-plugin-react-helmet": "^5.10.0",
      "gatsby-plugin-sharp": "^4.10.1",
      "gatsby-plugin-sitemap": "^5.10.1",
      "gatsby-source-filesystem": "^4.10.0",
      "gatsby-transformer-sharp": "^4.10.0",
      "react": "^17.0.1",
      "react-dom": "^17.0.1",
      "react-helmet": "^6.1.0"
    },
    "devDependencies": {
      "@types/node": "^17.0.21",
      "@types/react": "^17.0.39",
      "@types/react-dom": "^17.0.13",
      "typescript": "^4.6.2"
    }
  }

yarn manifest: 
  No manifest

Lockfile: 
  No lockfile
